<?xml version="1.0" encoding="UTF-8"?>
<!-- Generated by org.testng.reporters.JUnitReportReporter -->
<testsuite hostname="Sakif" failures="0" tests="3" name="com.qa.testcases.HomePageTest" time="16.650" errors="0" timestamp="2022-08-18T22:57:29 EDT" skipped="0">
  <testcase classname="com.qa.testcases.HomePageTest" name="verifyHomePageTitleTest" time="5.028"/>
  <system-out/>
  <testcase classname="com.qa.testcases.HomePageTest" name="verifyUserNameLabel" time="5.900"/>
  <system-out/>
  <testcase classname="com.qa.testcases.HomePageTest" name="verifyAdminTest" time="5.722"/>
  <system-out/>
</testsuite> <!-- com.qa.testcases.HomePageTest -->
