<?xml version="1.0" encoding="UTF-8"?>
<!-- Generated by org.testng.reporters.JUnitReportReporter -->
<testsuite hostname="Sakif" failures="0" tests="3" name="com.qa.testcases.AdminPageTest" time="18.952" errors="0" timestamp="2022-08-18T22:57:29 EDT" skipped="0">
  <testcase classname="com.qa.testcases.AdminPageTest" name="adminLabelTest" time="6.678"/>
  <system-out/>
  <testcase classname="com.qa.testcases.AdminPageTest" name="selectSingleAdminNameTest" time="6.050"/>
  <system-out/>
  <testcase classname="com.qa.testcases.AdminPageTest" name="selectMultipleAdminNameTest" time="6.224"/>
  <system-out/>
</testsuite> <!-- com.qa.testcases.AdminPageTest -->
