<?xml version="1.0" encoding="UTF-8"?>
<!-- Generated by org.testng.reporters.JUnitReportReporter -->
<testsuite hostname="Sakif" failures="0" tests="3" name="com.qa.testcases.LoginPageTest" time="11.686" errors="0" timestamp="2022-08-18T22:57:29 EDT" skipped="0">
  <testcase classname="com.qa.testcases.LoginPageTest" name="loginPageTitleTest" time="2.531"/>
  <system-out/>
  <testcase classname="com.qa.testcases.LoginPageTest" name="loginButtonTest" time="2.775"/>
  <system-out/>
  <testcase classname="com.qa.testcases.LoginPageTest" name="loginTest" time="6.380"/>
  <system-out/>
</testsuite> <!-- com.qa.testcases.LoginPageTest -->
